<?xml version="1.0" encoding="UTF-8"?>
<!-- Generated by org.testng.reporters.JUnitReportReporter -->
<testsuite hostname="TYSS-Nandini" failures="0" tests="1" name="com.mystore.testcases.TC001_VerifyUserIsAbleToNavigateToMyStore" time="36.388" errors="0" timestamp="2024-07-16T11:07:25 IST" skipped="0">
  <testcase classname="com.mystore.testcases.TC001_VerifyUserIsAbleToNavigateToMyStore" name="loginToApplication" time="36.388"/>
  <system-out/>
</testsuite> <!-- com.mystore.testcases.TC001_VerifyUserIsAbleToNavigateToMyStore -->
