<?xml version="1.0" encoding="UTF-8"?>
<!-- Generated by org.testng.reporters.JUnitReportReporter -->
<testsuite hostname="TYSS-Nandini" failures="0" tests="1" name="com.mystore.testcases.example" time="1.711" errors="0" timestamp="2024-07-12T22:08:44 IST" skipped="0">
  <testcase classname="com.mystore.testcases.example" name="mainTest" time="1.711"/>
  <system-out/>
</testsuite> <!-- com.mystore.testcases.example -->
