<?xml version="1.0" encoding="UTF-8"?>
<!-- Generated by org.testng.reporters.JUnitReportReporter -->
<testsuite hostname="TYSS-Nandini" failures="0" tests="1" name="com.mystore.testcases.TC002_VerifyUserAbleToCreateAccount" time="1.407" errors="0" timestamp="2024-07-02T21:26:05 IST" skipped="0">
  <testcase classname="com.mystore.testcases.TC002_VerifyUserAbleToCreateAccount" name="createAnAccount" time="1.407"/>
  <system-out/>
</testsuite> <!-- com.mystore.testcases.TC002_VerifyUserAbleToCreateAccount -->
