<?xml version="1.0" encoding="UTF-8"?>
<!-- Generated by org.testng.reporters.JUnitReportReporter -->
<testsuite hostname="TYSS-Nandini" failures="0" tests="1" name="com.mystore.testcases.rtg" time="0.006" errors="0" timestamp="2024-07-06T11:16:51 IST" skipped="0">
  <testcase classname="com.mystore.testcases.rtg" name="text" time="0.006"/>
  <system-out/>
</testsuite> <!-- com.mystore.testcases.rtg -->
